<?xml version="1.0" encoding="UTF-8"?>
<testng-results ignored="4" total="5" passed="1" failed="0" skipped="0">
  <reporter-output>
  </reporter-output>
  <suite started-at="2022-06-21T13:25:15 IST" name="Default suite" finished-at="2022-06-21T13:25:35 IST" duration-ms="20630">
    <groups>
    </groups>
    <test started-at="2022-06-21T13:25:15 IST" name="Default test" finished-at="2022-06-21T13:25:35 IST" duration-ms="20630">
      <class name="Test.HomePageTest">
        <test-method is-config="true" signature="Browswe()[pri:0, instance:Test.HomePageTest@ffaa6af]" started-at="2022-06-21T13:25:15 IST" name="Browswe" finished-at="2022-06-21T13:25:22 IST" duration-ms="6835" status="PASS">
          <reporter-output>
          </reporter-output>
        </test-method> <!-- Browswe -->
        <test-method signature="ClickOnThebuy()[pri:0, instance:Test.HomePageTest@ffaa6af]" started-at="2022-06-21T13:25:22 IST" name="ClickOnThebuy" finished-at="2022-06-21T13:25:35 IST" duration-ms="13756" status="PASS">
          <reporter-output>
          </reporter-output>
        </test-method> <!-- ClickOnThebuy -->
      </class> <!-- Test.HomePageTest -->
    </test> <!-- Default test -->
  </suite> <!-- Default suite -->
</testng-results>
